<?xml version="1.0" encoding="UTF-8"?>
<coverage generated="1743522312130" clover="3.2.0">
  <project timestamp="1743522312130" name="All files">
    <metrics statements="102" coveredstatements="102" conditionals="33" coveredconditionals="32" methods="17" coveredmethods="17" elements="152" coveredelements="151" complexity="0" loc="102" ncloc="102" packages="1" files="3" classes="3"/>
    <file name="dictionary.ts" path="/Users/nathanoger/Developpement/Wordle/src/services/dictionary.ts">
      <metrics statements="19" coveredstatements="19" conditionals="3" coveredconditionals="3" methods="3" coveredmethods="3"/>
      <line num="1" count="2" type="stmt"/>
      <line num="2" count="2" type="stmt"/>
      <line num="4" count="2" type="stmt"/>
      <line num="6" count="2" type="stmt"/>
      <line num="7" count="2" type="stmt"/>
      <line num="10" count="5" type="stmt"/>
      <line num="11" count="5" type="cond" truecount="1" falsecount="0"/>
      <line num="12" count="1" type="stmt"/>
      <line num="14" count="5" type="cond" truecount="1" falsecount="0"/>
      <line num="15" count="1" type="stmt"/>
      <line num="17" count="5" type="stmt"/>
      <line num="18" count="5" type="stmt"/>
      <line num="22" count="3" type="stmt"/>
      <line num="23" count="3" type="stmt"/>
      <line num="24" count="3" type="stmt"/>
      <line num="25" count="20" type="stmt"/>
      <line num="27" count="3" type="cond" truecount="1" falsecount="0"/>
      <line num="28" count="2" type="stmt"/>
      <line num="32" count="1" type="stmt"/>
    </file>
    <file name="game.ts" path="/Users/nathanoger/Developpement/Wordle/src/services/game.ts">
      <metrics statements="48" coveredstatements="48" conditionals="20" coveredconditionals="20" methods="3" coveredmethods="3"/>
      <line num="1" count="1" type="stmt"/>
      <line num="3" count="1" type="stmt"/>
      <line num="4" count="1" type="stmt"/>
      <line num="6" count="1" type="stmt"/>
      <line num="9" count="6" type="stmt"/>
      <line num="19" count="6" type="stmt"/>
      <line num="22" count="6" type="cond" truecount="3" falsecount="0"/>
      <line num="23" count="1" type="stmt"/>
      <line num="24" count="1" type="stmt"/>
      <line num="27" count="5" type="stmt"/>
      <line num="35" count="5" type="cond" truecount="2" falsecount="0"/>
      <line num="36" count="15" type="stmt"/>
      <line num="37" count="15" type="stmt"/>
      <line num="39" count="15" type="cond" truecount="1" falsecount="0"/>
      <line num="40" count="7" type="stmt"/>
      <line num="41" count="7" type="stmt"/>
      <line num="46" count="15" type="stmt"/>
      <line num="48" count="15" type="cond" truecount="1" falsecount="0"/>
      <line num="49" count="7" type="stmt"/>
      <line num="50" count="7" type="stmt"/>
      <line num="51" count="7" type="cond" truecount="1" falsecount="0"/>
      <line num="52" count="1" type="stmt"/>
      <line num="53" count="1" type="stmt"/>
      <line num="54" count="1" type="stmt"/>
      <line num="55" count="1" type="stmt"/>
      <line num="60" count="14" type="stmt"/>
      <line num="61" count="14" type="stmt"/>
      <line num="63" count="14" type="cond" truecount="2" falsecount="0"/>
      <line num="64" count="3" type="stmt"/>
      <line num="66" count="11" type="stmt"/>
      <line num="70" count="5" type="cond" truecount="2" falsecount="0"/>
      <line num="71" count="3" type="stmt"/>
      <line num="78" count="3" type="stmt"/>
      <line num="79" count="3" type="stmt"/>
      <line num="81" count="2" type="stmt"/>
      <line num="90" count="5" type="stmt"/>
      <line num="99" count="5" type="stmt"/>
      <line num="108" count="14" type="stmt"/>
      <line num="109" count="14" type="stmt"/>
      <line num="110" count="67" type="cond" truecount="2" falsecount="0"/>
      <line num="111" count="5" type="stmt"/>
      <line num="112" count="62" type="cond" truecount="2" falsecount="0"/>
      <line num="113" count="3" type="stmt"/>
      <line num="115" count="59" type="stmt"/>
      <line num="118" count="14" type="stmt"/>
      <line num="122" count="6" type="stmt"/>
      <line num="124" count="6" type="stmt"/>
      <line num="127" count="1" type="stmt"/>
    </file>
    <file name="stats.ts" path="/Users/nathanoger/Developpement/Wordle/src/services/stats.ts">
      <metrics statements="35" coveredstatements="35" conditionals="10" coveredconditionals="9" methods="11" coveredmethods="11"/>
      <line num="3" count="2" type="stmt"/>
      <line num="5" count="2" type="stmt"/>
      <line num="7" count="2" type="stmt"/>
      <line num="9" count="2" type="stmt"/>
      <line num="11" count="10" type="cond" truecount="1" falsecount="0"/>
      <line num="15" count="6" type="stmt"/>
      <line num="17" count="10" type="stmt"/>
      <line num="21" count="11" type="stmt"/>
      <line num="23" count="11" type="cond" truecount="1" falsecount="0"/>
      <line num="24" count="10" type="stmt"/>
      <line num="29" count="9" type="stmt"/>
      <line num="31" count="9" type="cond" truecount="1" falsecount="0"/>
      <line num="35" count="9" type="stmt"/>
      <line num="38" count="9" type="stmt"/>
      <line num="44" count="6" type="cond" truecount="1" falsecount="1"/>
      <line num="49" count="6" type="stmt"/>
      <line num="52" count="6" type="stmt"/>
      <line num="56" count="2" type="cond" truecount="1" falsecount="0"/>
      <line num="57" count="1" type="stmt"/>
      <line num="58" count="1" type="stmt"/>
      <line num="60" count="1" type="stmt"/>
      <line num="64" count="4" type="stmt"/>
      <line num="65" count="4" type="stmt"/>
      <line num="66" count="4" type="stmt"/>
      <line num="70" count="1" type="stmt"/>
      <line num="71" count="1" type="stmt"/>
      <line num="72" count="1" type="stmt"/>
      <line num="73" count="1" type="stmt"/>
      <line num="74" count="1" type="stmt"/>
      <line num="75" count="1" type="stmt"/>
      <line num="79" count="2" type="stmt"/>
      <line num="80" count="2" type="stmt"/>
      <line num="82" count="3" type="stmt"/>
      <line num="83" count="3" type="stmt"/>
      <line num="84" count="3" type="stmt"/>
    </file>
  </project>
</coverage>
