<?xml version="1.0" encoding="UTF-8"?>
<coverage generated="1742828771867" clover="3.2.0">
  <project timestamp="1742828771867" name="All files">
    <metrics statements="54" coveredstatements="43" conditionals="12" coveredconditionals="9" methods="14" coveredmethods="12" elements="80" coveredelements="64" complexity="0" loc="54" ncloc="54" packages="1" files="2" classes="2"/>
    <file name="dictionary.ts" path="/Users/nathanoger/Developpement/Worlde/src/services/dictionary.ts">
      <metrics statements="15" coveredstatements="12" conditionals="3" coveredconditionals="2" methods="3" coveredmethods="2"/>
      <line num="1" count="1" type="stmt"/>
      <line num="3" count="1" type="stmt"/>
      <line num="5" count="1" type="stmt"/>
      <line num="8" count="1" type="cond" truecount="0" falsecount="1"/>
      <line num="9" count="0" type="stmt"/>
      <line num="11" count="1" type="cond" truecount="1" falsecount="0"/>
      <line num="12" count="1" type="stmt"/>
      <line num="14" count="1" type="stmt"/>
      <line num="15" count="1" type="stmt"/>
      <line num="19" count="1" type="stmt"/>
      <line num="20" count="1" type="stmt"/>
      <line num="21" count="0" type="stmt"/>
      <line num="23" count="1" type="cond" truecount="1" falsecount="0"/>
      <line num="24" count="1" type="stmt"/>
      <line num="28" count="0" type="stmt"/>
    </file>
    <file name="stats.ts" path="/Users/nathanoger/Developpement/Worlde/src/services/stats.ts">
      <metrics statements="39" coveredstatements="31" conditionals="9" coveredconditionals="7" methods="11" coveredmethods="10"/>
      <line num="3" count="1" type="stmt"/>
      <line num="4" count="1" type="stmt"/>
      <line num="6" count="1" type="stmt"/>
      <line num="8" count="1" type="stmt"/>
      <line num="10" count="1" type="stmt"/>
      <line num="12" count="4" type="cond" truecount="1" falsecount="0"/>
      <line num="16" count="3" type="stmt"/>
      <line num="18" count="4" type="stmt"/>
      <line num="22" count="6" type="stmt"/>
      <line num="24" count="6" type="cond" truecount="1" falsecount="0"/>
      <line num="25" count="6" type="stmt"/>
      <line num="30" count="5" type="stmt"/>
      <line num="32" count="5" type="cond" truecount="1" falsecount="0"/>
      <line num="36" count="5" type="stmt"/>
      <line num="39" count="5" type="stmt"/>
      <line num="45" count="2" type="stmt"/>
      <line num="50" count="2" type="stmt"/>
      <line num="52" count="2" type="stmt"/>
      <line num="57" count="2" type="cond" truecount="0" falsecount="1"/>
      <line num="58" count="0" type="stmt"/>
      <line num="60" count="2" type="stmt"/>
      <line num="64" count="1" type="cond" truecount="1" falsecount="0"/>
      <line num="65" count="1" type="stmt"/>
      <line num="66" count="1" type="stmt"/>
      <line num="68" count="0" type="stmt"/>
      <line num="72" count="2" type="stmt"/>
      <line num="73" count="2" type="stmt"/>
      <line num="74" count="2" type="stmt"/>
      <line num="78" count="0" type="stmt"/>
      <line num="79" count="0" type="stmt"/>
      <line num="80" count="0" type="stmt"/>
      <line num="81" count="0" type="stmt"/>
      <line num="82" count="0" type="stmt"/>
      <line num="83" count="0" type="stmt"/>
      <line num="87" count="1" type="stmt"/>
      <line num="88" count="1" type="stmt"/>
      <line num="90" count="1" type="stmt"/>
      <line num="91" count="1" type="stmt"/>
      <line num="92" count="1" type="stmt"/>
    </file>
  </project>
</coverage>
