{"/Users/nathanoger/Developpement/Wordle/src/services/dictionary.ts": {"path":"/Users/nathanoger/Developpement/Wordle/src/services/dictionary.ts","statementMap":{"0":{"start":{"line":1,"column":0},"end":{"line":1,"column":25}},"1":{"start":{"line":2,"column":0},"end":{"line":2,"column":24}},"2":{"start":{"line":10,"column":20},"end":{"line":10,"column":53}},"3":{"start":{"line":11,"column":4},"end":{"line":13,"column":5}},"4":{"start":{"line":12,"column":6},"end":{"line":12,"column":49}},"5":{"start":{"line":14,"column":4},"end":{"line":16,"column":5}},"6":{"start":{"line":15,"column":6},"end":{"line":15,"column":64}},"7":{"start":{"line":17,"column":23},"end":{"line":17,"column":67}},"8":{"start":{"line":18,"column":4},"end":{"line":18,"column":45}},"9":{"start":{"line":22,"column":4},"end":{"line":22,"column":26}},"10":{"start":{"line":23,"column":4},"end":{"line":23,"column":33}},"11":{"start":{"line":24,"column":26},"end":{"line":25,"column":null}},"12":{"start":{"line":25,"column":16},"end":{"line":25,"column":38}},"13":{"start":{"line":27,"column":4},"end":{"line":31,"column":5}},"14":{"start":{"line":28,"column":6},"end":{"line":30,"column":8}},"15":{"start":{"line":32,"column":4},"end":{"line":32,"column":75}},"16":{"start":{"line":4,"column":0},"end":{"line":4,"column":13}},"17":{"start":{"line":6,"column":17},"end":{"line":6,"column":43}},"18":{"start":{"line":7,"column":17},"end":{"line":7,"column":80}}},"fnMap":{"0":{"name":"(anonymous_10)","decl":{"start":{"line":9,"column":2},"end":{"line":9,"column":8}},"loc":{"start":{"line":9,"column":23},"end":{"line":19,"column":3}}},"1":{"name":"(anonymous_11)","decl":{"start":{"line":21,"column":2},"end":{"line":21,"column":8}},"loc":{"start":{"line":21,"column":37},"end":{"line":33,"column":3}}},"2":{"name":"(anonymous_12)","decl":{"start":{"line":25,"column":6},"end":{"line":25,"column":7}},"loc":{"start":{"line":25,"column":16},"end":{"line":25,"column":38}}}},"branchMap":{"0":{"loc":{"start":{"line":11,"column":4},"end":{"line":13,"column":5}},"type":"if","locations":[{"start":{"line":11,"column":4},"end":{"line":13,"column":5}}]},"1":{"loc":{"start":{"line":14,"column":4},"end":{"line":16,"column":5}},"type":"if","locations":[{"start":{"line":14,"column":4},"end":{"line":16,"column":5}}]},"2":{"loc":{"start":{"line":27,"column":4},"end":{"line":31,"column":5}},"type":"if","locations":[{"start":{"line":27,"column":4},"end":{"line":31,"column":5}}]}},"s":{"0":2,"1":2,"2":5,"3":5,"4":1,"5":5,"6":1,"7":5,"8":5,"9":3,"10":3,"11":3,"12":20,"13":3,"14":2,"15":1,"16":2,"17":2,"18":2},"f":{"0":5,"1":3,"2":20},"b":{"0":[1],"1":[1],"2":[2]}}
,"/Users/nathanoger/Developpement/Wordle/src/services/game.ts": {"path":"/Users/nathanoger/Developpement/Wordle/src/services/game.ts","statementMap":{"0":{"start":{"line":127,"column":9},"end":{"line":127,"column":18}},"1":{"start":{"line":127,"column":20},"end":{"line":127,"column":32}},"2":{"start":{"line":127,"column":34},"end":{"line":127,"column":48}},"3":{"start":{"line":1,"column":0},"end":{"line":1,"column":46}},"4":{"start":{"line":3,"column":0},"end":{"line":3,"column":39}},"5":{"start":{"line":4,"column":0},"end":{"line":4,"column":49}},"6":{"start":{"line":6,"column":30},"end":{"line":6,"column":32}},"7":{"start":{"line":9,"column":28},"end":{"line":18,"column":4}},"8":{"start":{"line":19,"column":2},"end":{"line":19,"column":20}},"9":{"start":{"line":22,"column":2},"end":{"line":25,"column":3}},"10":{"start":{"line":23,"column":4},"end":{"line":23,"column":46}},"11":{"start":{"line":24,"column":4},"end":{"line":24,"column":11}},"12":{"start":{"line":27,"column":2},"end":{"line":33,"column":4}},"13":{"start":{"line":35,"column":2},"end":{"line":68,"column":3}},"14":{"start":{"line":36,"column":4},"end":{"line":36,"column":60}},"15":{"start":{"line":37,"column":20},"end":{"line":37,"column":24}},"16":{"start":{"line":39,"column":4},"end":{"line":44,"column":5}},"17":{"start":{"line":40,"column":6},"end":{"line":40,"column":29}},"18":{"start":{"line":41,"column":6},"end":{"line":43,"column":8}},"19":{"start":{"line":46,"column":22},"end":{"line":46,"column":63}},"20":{"start":{"line":48,"column":4},"end":{"line":57,"column":5}},"21":{"start":{"line":49,"column":22},"end":{"line":49,"column":32}},"22":{"start":{"line":50,"column":24},"end":{"line":50,"column":73}},"23":{"start":{"line":51,"column":6},"end":{"line":56,"column":7}},"24":{"start":{"line":52,"column":8},"end":{"line":52,"column":73}},"25":{"start":{"line":53,"column":8},"end":{"line":53,"column":21}},"26":{"start":{"line":54,"column":8},"end":{"line":54,"column":39}},"27":{"start":{"line":55,"column":8},"end":{"line":55,"column":17}},"28":{"start":{"line":60,"column":4},"end":{"line":60,"column":17}},"29":{"start":{"line":61,"column":4},"end":{"line":61,"column":35}},"30":{"start":{"line":63,"column":4},"end":{"line":67,"column":5}},"31":{"start":{"line":64,"column":6},"end":{"line":64,"column":24}},"32":{"start":{"line":66,"column":6},"end":{"line":66,"column":54}},"33":{"start":{"line":70,"column":2},"end":{"line":88,"column":3}},"34":{"start":{"line":71,"column":4},"end":{"line":77,"column":6}},"35":{"start":{"line":78,"column":4},"end":{"line":78,"column":65}},"36":{"start":{"line":79,"column":4},"end":{"line":79,"column":52}},"37":{"start":{"line":81,"column":4},"end":{"line":87,"column":6}},"38":{"start":{"line":90,"column":27},"end":{"line":98,"column":4}},"39":{"start":{"line":99,"column":2},"end":{"line":99,"column":36}},"40":{"start":{"line":108,"column":15},"end":{"line":108,"column":17}},"41":{"start":{"line":109,"column":2},"end":{"line":117,"column":3}},"42":{"start":{"line":109,"column":15},"end":{"line":109,"column":16}},"43":{"start":{"line":110,"column":4},"end":{"line":116,"column":5}},"44":{"start":{"line":111,"column":6},"end":{"line":111,"column":49}},"45":{"start":{"line":112,"column":11},"end":{"line":116,"column":5}},"46":{"start":{"line":113,"column":6},"end":{"line":113,"column":49}},"47":{"start":{"line":115,"column":6},"end":{"line":115,"column":49}},"48":{"start":{"line":118,"column":2},"end":{"line":118,"column":16}},"49":{"start":{"line":122,"column":14},"end":{"line":122,"column":15}},"50":{"start":{"line":124,"column":2},"end":{"line":124,"column":52}}},"fnMap":{"0":{"name":"startGame","decl":{"start":{"line":8,"column":9},"end":{"line":8,"column":18}},"loc":{"start":{"line":8,"column":31},"end":{"line":100,"column":1}}},"1":{"name":"writeInColor","decl":{"start":{"line":102,"column":9},"end":{"line":102,"column":21}},"loc":{"start":{"line":102,"column":53},"end":{"line":119,"column":1}}},"2":{"name":"calculateScore","decl":{"start":{"line":121,"column":9},"end":{"line":121,"column":23}},"loc":{"start":{"line":121,"column":57},"end":{"line":125,"column":1}}}},"branchMap":{"0":{"loc":{"start":{"line":10,"column":10},"end":{"line":10,"column":35}},"type":"binary-expr","locations":[{"start":{"line":10,"column":10},"end":{"line":10,"column":22}},{"start":{"line":10,"column":26},"end":{"line":10,"column":35}}]},"1":{"loc":{"start":{"line":12,"column":14},"end":{"line":12,"column":43}},"type":"binary-expr","locations":[{"start":{"line":12,"column":14},"end":{"line":12,"column":30}},{"start":{"line":12,"column":34},"end":{"line":12,"column":43}}]},"2":{"loc":{"start":{"line":22,"column":2},"end":{"line":25,"column":3}},"type":"if","locations":[{"start":{"line":22,"column":2},"end":{"line":25,"column":3}}]},"3":{"loc":{"start":{"line":22,"column":6},"end":{"line":22,"column":62}},"type":"binary-expr","locations":[{"start":{"line":22,"column":6},"end":{"line":22,"column":33}},{"start":{"line":22,"column":37},"end":{"line":22,"column":62}}]},"4":{"loc":{"start":{"line":35,"column":9},"end":{"line":35,"column":38}},"type":"binary-expr","locations":[{"start":{"line":35,"column":9},"end":{"line":35,"column":23}},{"start":{"line":35,"column":27},"end":{"line":35,"column":38}}]},"5":{"loc":{"start":{"line":39,"column":4},"end":{"line":44,"column":5}},"type":"if","locations":[{"start":{"line":39,"column":4},"end":{"line":44,"column":5}}]},"6":{"loc":{"start":{"line":48,"column":4},"end":{"line":57,"column":5}},"type":"if","locations":[{"start":{"line":48,"column":4},"end":{"line":57,"column":5}}]},"7":{"loc":{"start":{"line":51,"column":6},"end":{"line":56,"column":7}},"type":"if","locations":[{"start":{"line":51,"column":6},"end":{"line":56,"column":7}}]},"8":{"loc":{"start":{"line":63,"column":4},"end":{"line":67,"column":5}},"type":"if","locations":[{"start":{"line":63,"column":4},"end":{"line":67,"column":5}},{"start":{"line":65,"column":11},"end":{"line":67,"column":5}}]},"9":{"loc":{"start":{"line":70,"column":2},"end":{"line":88,"column":3}},"type":"if","locations":[{"start":{"line":70,"column":2},"end":{"line":88,"column":3}},{"start":{"line":80,"column":9},"end":{"line":88,"column":3}}]},"10":{"loc":{"start":{"line":110,"column":4},"end":{"line":116,"column":5}},"type":"if","locations":[{"start":{"line":110,"column":4},"end":{"line":116,"column":5}},{"start":{"line":112,"column":11},"end":{"line":116,"column":5}}]},"11":{"loc":{"start":{"line":112,"column":11},"end":{"line":116,"column":5}},"type":"if","locations":[{"start":{"line":112,"column":11},"end":{"line":116,"column":5}},{"start":{"line":114,"column":11},"end":{"line":116,"column":5}}]}},"s":{"0":1,"1":1,"2":1,"3":1,"4":1,"5":1,"6":1,"7":6,"8":6,"9":6,"10":1,"11":1,"12":5,"13":5,"14":15,"15":15,"16":15,"17":7,"18":7,"19":15,"20":15,"21":7,"22":7,"23":7,"24":1,"25":1,"26":1,"27":1,"28":14,"29":14,"30":14,"31":3,"32":11,"33":5,"34":3,"35":3,"36":3,"37":2,"38":5,"39":5,"40":14,"41":14,"42":14,"43":67,"44":5,"45":62,"46":3,"47":59,"48":14,"49":6,"50":6},"f":{"0":6,"1":14,"2":6},"b":{"0":[6,1],"1":[6,1],"2":[1],"3":[6,3],"4":[20,18],"5":[7],"6":[7],"7":[1],"8":[3,11],"9":[3,2],"10":[5,62],"11":[3,59]}}
,"/Users/nathanoger/Developpement/Wordle/src/services/stats.ts": {"path":"/Users/nathanoger/Developpement/Wordle/src/services/stats.ts","statementMap":{"0":{"start":{"line":3,"column":0},"end":{"line":3,"column":20}},"1":{"start":{"line":5,"column":0},"end":{"line":5,"column":24}},"2":{"start":{"line":7,"column":18},"end":{"line":7,"column":63}},"3":{"start":{"line":11,"column":4},"end":{"line":16,"column":5}},"4":{"start":{"line":15,"column":6},"end":{"line":15,"column":29}},"5":{"start":{"line":17,"column":4},"end":{"line":17,"column":58}},"6":{"start":{"line":21,"column":20},"end":{"line":21,"column":43}},"7":{"start":{"line":23,"column":4},"end":{"line":25,"column":5}},"8":{"start":{"line":24,"column":6},"end":{"line":24,"column":49}},"9":{"start":{"line":29,"column":4},"end":{"line":29,"column":29}},"10":{"start":{"line":31,"column":4},"end":{"line":39,"column":5}},"11":{"start":{"line":35,"column":34},"end":{"line":37,"column":8}},"12":{"start":{"line":38,"column":6},"end":{"line":38,"column":73}},"13":{"start":{"line":44,"column":25},"end":{"line":46,"column":23}},"14":{"start":{"line":49,"column":4},"end":{"line":49,"column":55}},"15":{"start":{"line":52,"column":4},"end":{"line":52,"column":66}},"16":{"start":{"line":56,"column":4},"end":{"line":59,"column":5}},"17":{"start":{"line":57,"column":6},"end":{"line":57,"column":31}},"18":{"start":{"line":58,"column":6},"end":{"line":58,"column":18}},"19":{"start":{"line":60,"column":4},"end":{"line":60,"column":17}},"20":{"start":{"line":64,"column":18},"end":{"line":64,"column":38}},"21":{"start":{"line":65,"column":4},"end":{"line":65,"column":29}},"22":{"start":{"line":66,"column":4},"end":{"line":66,"column":26}},"23":{"start":{"line":70,"column":18},"end":{"line":70,"column":39}},"24":{"start":{"line":71,"column":4},"end":{"line":71,"column":44}},"25":{"start":{"line":72,"column":4},"end":{"line":72,"column":72}},"26":{"start":{"line":73,"column":4},"end":{"line":73,"column":72}},"27":{"start":{"line":74,"column":4},"end":{"line":74,"column":74}},"28":{"start":{"line":75,"column":4},"end":{"line":75,"column":71}},"29":{"start":{"line":79,"column":18},"end":{"line":79,"column":38}},"30":{"start":{"line":80,"column":4},"end":{"line":85,"column":6}},"31":{"start":{"line":82,"column":54},"end":{"line":82,"column":64}},"32":{"start":{"line":83,"column":56},"end":{"line":83,"column":67}},"33":{"start":{"line":84,"column":54},"end":{"line":84,"column":70}},"34":{"start":{"line":9,"column":0},"end":{"line":9,"column":13}}},"fnMap":{"0":{"name":"(anonymous_1)","decl":{"start":{"line":10,"column":2},"end":{"line":10,"column":8}},"loc":{"start":{"line":10,"column":22},"end":{"line":18,"column":3}}},"1":{"name":"(anonymous_2)","decl":{"start":{"line":20,"column":2},"end":{"line":20,"column":8}},"loc":{"start":{"line":20,"column":26},"end":{"line":26,"column":3}}},"2":{"name":"(anonymous_3)","decl":{"start":{"line":28,"column":2},"end":{"line":28,"column":8}},"loc":{"start":{"line":28,"column":24},"end":{"line":40,"column":3}}},"3":{"name":"(anonymous_4)","decl":{"start":{"line":42,"column":2},"end":{"line":42,"column":8}},"loc":{"start":{"line":42,"column":31},"end":{"line":53,"column":3}}},"4":{"name":"(anonymous_5)","decl":{"start":{"line":55,"column":2},"end":{"line":55,"column":8}},"loc":{"start":{"line":55,"column":20},"end":{"line":61,"column":3}}},"5":{"name":"(anonymous_6)","decl":{"start":{"line":63,"column":2},"end":{"line":63,"column":8}},"loc":{"start":{"line":63,"column":28},"end":{"line":67,"column":3}}},"6":{"name":"(anonymous_7)","decl":{"start":{"line":69,"column":2},"end":{"line":69,"column":8}},"loc":{"start":{"line":69,"column":31},"end":{"line":76,"column":3}}},"7":{"name":"(anonymous_8)","decl":{"start":{"line":78,"column":2},"end":{"line":78,"column":8}},"loc":{"start":{"line":78,"column":23},"end":{"line":86,"column":3}}},"8":{"name":"(anonymous_9)","decl":{"start":{"line":82,"column":38},"end":{"line":82,"column":39}},"loc":{"start":{"line":82,"column":54},"end":{"line":82,"column":64}}},"9":{"name":"(anonymous_10)","decl":{"start":{"line":83,"column":40},"end":{"line":83,"column":41}},"loc":{"start":{"line":83,"column":56},"end":{"line":83,"column":67}}},"10":{"name":"(anonymous_11)","decl":{"start":{"line":84,"column":39},"end":{"line":84,"column":40}},"loc":{"start":{"line":84,"column":54},"end":{"line":84,"column":70}}}},"branchMap":{"0":{"loc":{"start":{"line":11,"column":4},"end":{"line":16,"column":5}},"type":"if","locations":[{"start":{"line":11,"column":4},"end":{"line":16,"column":5}}]},"1":{"loc":{"start":{"line":12,"column":6},"end":{"line":13,"column":54}},"type":"binary-expr","locations":[{"start":{"line":12,"column":6},"end":{"line":12,"column":31}},{"start":{"line":13,"column":6},"end":{"line":13,"column":54}}]},"2":{"loc":{"start":{"line":23,"column":4},"end":{"line":25,"column":5}},"type":"if","locations":[{"start":{"line":23,"column":4},"end":{"line":25,"column":5}}]},"3":{"loc":{"start":{"line":31,"column":4},"end":{"line":39,"column":5}},"type":"if","locations":[{"start":{"line":31,"column":4},"end":{"line":39,"column":5}}]},"4":{"loc":{"start":{"line":32,"column":6},"end":{"line":33,"column":54}},"type":"binary-expr","locations":[{"start":{"line":32,"column":6},"end":{"line":32,"column":31}},{"start":{"line":33,"column":6},"end":{"line":33,"column":54}}]},"5":{"loc":{"start":{"line":44,"column":25},"end":{"line":46,"column":23}},"type":"cond-expr","locations":[{"start":{"line":45,"column":8},"end":{"line":45,"column":54}},{"start":{"line":46,"column":8},"end":{"line":46,"column":23}}]},"6":{"loc":{"start":{"line":56,"column":4},"end":{"line":59,"column":5}},"type":"if","locations":[{"start":{"line":56,"column":4},"end":{"line":59,"column":5}}]}},"s":{"0":2,"1":2,"2":2,"3":10,"4":6,"5":10,"6":11,"7":11,"8":10,"9":9,"10":9,"11":9,"12":9,"13":6,"14":6,"15":6,"16":2,"17":1,"18":1,"19":1,"20":4,"21":4,"22":4,"23":1,"24":1,"25":1,"26":1,"27":1,"28":1,"29":2,"30":2,"31":3,"32":3,"33":3,"34":2},"f":{"0":10,"1":11,"2":9,"3":6,"4":2,"5":4,"6":1,"7":2,"8":3,"9":3,"10":3},"b":{"0":[6],"1":[10,4],"2":[10],"3":[9],"4":[9,1],"5":[6,0],"6":[1]}}
}
