TN:
SF:src/services/dictionary.ts
FN:9,(anonymous_10)
FN:21,(anonymous_11)
FN:25,(anonymous_12)
FNF:3
FNH:3
FNDA:5,(anonymous_10)
FNDA:3,(anonymous_11)
FNDA:20,(anonymous_12)
DA:1,2
DA:2,2
DA:4,2
DA:6,2
DA:7,2
DA:10,5
DA:11,5
DA:12,1
DA:14,5
DA:15,1
DA:17,5
DA:18,5
DA:22,3
DA:23,3
DA:24,3
DA:25,20
DA:27,3
DA:28,2
DA:32,1
LF:19
LH:19
BRDA:11,0,0,1
BRDA:14,1,0,1
BRDA:27,2,0,2
BRF:3
BRH:3
end_of_record
TN:
SF:src/services/game.ts
FN:8,startGame
FN:102,writeInColor
FN:121,calculateScore
FNF:3
FNH:3
FNDA:6,startGame
FNDA:14,writeInColor
FNDA:6,calculateScore
DA:1,1
DA:3,1
DA:4,1
DA:6,1
DA:9,6
DA:19,6
DA:22,6
DA:23,1
DA:24,1
DA:27,5
DA:35,5
DA:36,15
DA:37,15
DA:39,15
DA:40,7
DA:41,7
DA:46,15
DA:48,15
DA:49,7
DA:50,7
DA:51,7
DA:52,1
DA:53,1
DA:54,1
DA:55,1
DA:60,14
DA:61,14
DA:63,14
DA:64,3
DA:66,11
DA:70,5
DA:71,3
DA:78,3
DA:79,3
DA:81,2
DA:90,5
DA:99,5
DA:108,14
DA:109,14
DA:110,67
DA:111,5
DA:112,62
DA:113,3
DA:115,59
DA:118,14
DA:122,6
DA:124,6
DA:127,1
LF:48
LH:48
BRDA:10,0,0,6
BRDA:10,0,1,1
BRDA:12,1,0,6
BRDA:12,1,1,1
BRDA:22,2,0,1
BRDA:22,3,0,6
BRDA:22,3,1,3
BRDA:35,4,0,20
BRDA:35,4,1,18
BRDA:39,5,0,7
BRDA:48,6,0,7
BRDA:51,7,0,1
BRDA:63,8,0,3
BRDA:63,8,1,11
BRDA:70,9,0,3
BRDA:70,9,1,2
BRDA:110,10,0,5
BRDA:110,10,1,62
BRDA:112,11,0,3
BRDA:112,11,1,59
BRF:20
BRH:20
end_of_record
TN:
SF:src/services/stats.ts
FN:10,(anonymous_1)
FN:20,(anonymous_2)
FN:28,(anonymous_3)
FN:42,(anonymous_4)
FN:55,(anonymous_5)
FN:63,(anonymous_6)
FN:69,(anonymous_7)
FN:78,(anonymous_8)
FN:82,(anonymous_9)
FN:83,(anonymous_10)
FN:84,(anonymous_11)
FNF:11
FNH:11
FNDA:10,(anonymous_1)
FNDA:11,(anonymous_2)
FNDA:9,(anonymous_3)
FNDA:6,(anonymous_4)
FNDA:2,(anonymous_5)
FNDA:4,(anonymous_6)
FNDA:1,(anonymous_7)
FNDA:2,(anonymous_8)
FNDA:3,(anonymous_9)
FNDA:3,(anonymous_10)
FNDA:3,(anonymous_11)
DA:3,2
DA:5,2
DA:7,2
DA:9,2
DA:11,10
DA:15,6
DA:17,10
DA:21,11
DA:23,11
DA:24,10
DA:29,9
DA:31,9
DA:35,9
DA:38,9
DA:44,6
DA:49,6
DA:52,6
DA:56,2
DA:57,1
DA:58,1
DA:60,1
DA:64,4
DA:65,4
DA:66,4
DA:70,1
DA:71,1
DA:72,1
DA:73,1
DA:74,1
DA:75,1
DA:79,2
DA:80,2
DA:82,3
DA:83,3
DA:84,3
LF:35
LH:35
BRDA:11,0,0,6
BRDA:12,1,0,10
BRDA:12,1,1,4
BRDA:23,2,0,10
BRDA:31,3,0,9
BRDA:32,4,0,9
BRDA:32,4,1,1
BRDA:44,5,0,6
BRDA:44,5,1,0
BRDA:56,6,0,1
BRF:10
BRH:9
end_of_record
