TN:
SF:src/services/dictionary.ts
FN:7,(anonymous_9)
FN:18,(anonymous_10)
FN:21,(anonymous_11)
FNF:3
FNH:2
FNDA:1,(anonymous_9)
FNDA:1,(anonymous_10)
FNDA:0,(anonymous_11)
DA:1,1
DA:3,1
DA:5,1
DA:8,1
DA:9,0
DA:11,1
DA:12,1
DA:14,1
DA:15,1
DA:19,1
DA:20,1
DA:21,0
DA:23,1
DA:24,1
DA:28,0
LF:15
LH:12
BRDA:8,0,0,0
BRDA:11,1,0,1
BRDA:23,2,0,1
BRF:3
BRH:2
end_of_record
TN:
SF:src/services/stats.ts
FN:11,(anonymous_1)
FN:21,(anonymous_2)
FN:29,(anonymous_3)
FN:43,(anonymous_4)
FN:63,(anonymous_5)
FN:71,(anonymous_6)
FN:77,(anonymous_7)
FN:86,(anonymous_8)
FN:90,(anonymous_9)
FN:91,(anonymous_10)
FN:92,(anonymous_11)
FNF:11
FNH:10
FNDA:4,(anonymous_1)
FNDA:6,(anonymous_2)
FNDA:5,(anonymous_3)
FNDA:2,(anonymous_4)
FNDA:1,(anonymous_5)
FNDA:2,(anonymous_6)
FNDA:0,(anonymous_7)
FNDA:1,(anonymous_8)
FNDA:1,(anonymous_9)
FNDA:1,(anonymous_10)
FNDA:1,(anonymous_11)
DA:3,1
DA:4,1
DA:6,1
DA:8,1
DA:10,1
DA:12,4
DA:16,3
DA:18,4
DA:22,6
DA:24,6
DA:25,6
DA:30,5
DA:32,5
DA:36,5
DA:39,5
DA:45,2
DA:50,2
DA:52,2
DA:57,2
DA:58,0
DA:60,2
DA:64,1
DA:65,1
DA:66,1
DA:68,0
DA:72,2
DA:73,2
DA:74,2
DA:78,0
DA:79,0
DA:80,0
DA:81,0
DA:82,0
DA:83,0
DA:87,1
DA:88,1
DA:90,1
DA:91,1
DA:92,1
LF:39
LH:31
BRDA:12,0,0,3
BRDA:13,1,0,4
BRDA:13,1,1,1
BRDA:24,2,0,6
BRDA:32,3,0,5
BRDA:33,4,0,5
BRDA:33,4,1,0
BRDA:57,5,0,0
BRDA:64,6,0,1
BRF:9
BRH:7
end_of_record
